[2026-05-26T19:56:07.681Z] Plugin initialized: 0 commands []
[2026-05-26T19:56:07.686Z] Registered /subtask command
[2026-05-26T19:56:26.243Z] message-hooks: ENTRY msgCount=40, sessions=ses_19a47025affeTe5HK8Ezdi7rtF
[2026-05-26T19:56:26.244Z] message-hooks: MESSAGES: [0]user: text:"lets create a new git worktree and start..." | [1]assistant: step-start, reasoning, text:"Repo inspect first. Need current archite...", tool:completed, tool:completed, tool:completed, tool:completed, step-finish | [2]assistant: step-start, reasoning, text:"Need current seams. Reading router, auth...", tool:completed, tool:completed, tool:completed, tool:completed, tool:completed, tool:completed, step-finish | [3]assistant: step-start, reasoning, tool:completed, tool:completed, tool:completed, tool:completed, tool:completed, step-finish | [4]assistant: step-start, reasoning, text:"Current frontend architecture clear enou...", tool:completed, tool:completed, step-finish | [5]assistant: step-start, reasoning, tool:completed, step-finish, patch | [6]assistant: step-start, reasoning, text:"User target looks like reference backend...", tool:completed, tool:completed, tool:completed, tool:completed, tool:completed, tool:completed, step-finish, patch | [7]assistant: step-start, reasoning, text:"Reference architecture and current repo ...", tool:completed, step-finish | [8]assistant: step-start, reasoning, text:"Plan ready. Covers safe worktree setup f...", tool:completed, step-finish, patch | [9]user: text:"Proceed with implementation" | [10]assistant: step-start, reasoning, text:"Start isolated worktree. Then refactor f...", tool:completed, step-finish, patch | [11]assistant: step-start, tool:completed, tool:completed, step-finish | [12]assistant: step-start, reasoning, tool:completed, step-finish | [13]assistant: step-start, reasoning, text:"Worktree created at `../finance-arch-ref...", tool:completed, tool:completed, tool:completed, tool:completed, tool:completed, tool:error, step-finish, patch | [14]assistant: step-start, reasoning, text:"One more read: schema contract. Need kno...", tool:completed, step-finish | [15]assistant: step-start, reasoning, tool:completed, tool:completed, step-finish | [16]assistant: step-start, reasoning, reasoning, text:"Editing backend module structure now. Ma...", tool:error, step-finish | [17]assistant: step-start, reasoning, text:"Patch bounced on resolver context mismat...", tool:completed, tool:completed, step-finish | [18]assistant: step-start, reasoning, tool:completed, step-finish | [19]assistant: step-start, reasoning, tool:completed, step-finish, patch | [20]assistant: step-start, reasoning, text:"Structure moved. Now cleaning import lef...", tool:completed, tool:completed, tool:completed, step-finish | [21]assistant: step-start, reasoning, text:"Running backend checks now. Expect some ...", tool:completed, step-finish, patch | [22]assistant: step-start, reasoning, text:"Checks blocked by fresh worktree: no `no...", tool:completed, tool:completed, step-finish | [23]assistant: step-start, reasoning, tool:completed, step-finish | [24]assistant: step-start, reasoning, tool:completed, step-finish | [25]assistant: step-start, reasoning, text:"Typecheck surfaced two buckets: local re...", tool:completed, tool:completed, step-finish | [26]assistant: step-start, reasoning, tool:completed, step-finish | [27]assistant: step-start, reasoning, tool:completed, step-finish | [28]assistant: step-start, reasoning, tool:completed, step-finish | [29]assistant: step-start, reasoning, tool:completed, step-finish, patch | [30]assistant: step-start, reasoning, text:"Build green. One lint warning left from ...", tool:completed, step-finish | [31]assistant: step-start, tool:completed, step-finish, patch | [32]assistant: step-start, reasoning, tool:completed, step-finish | [33]assistant: step-start, reasoning, tool:completed, step-finish | [34]assistant: step-start, reasoning, text:"Work done in new worktree: `/home/efraim...", step-finish | [35]user: text:"merge this worktree with origin" | [36]assistant:  | [37]user: text:"merge this worktree with origin" | [38]assistant:  | [39]user: text:"merge this worktree with origin", text:"<system-reminder>
Your operational mode ..."(syn)
[2026-05-26T19:56:26.244Z] message-hooks: post-filter, msgCount=40
[2026-05-26T19:56:26.244Z] message-hooks: about to search for OPENCODE_GENERIC
[2026-05-26T19:56:26.244Z] message-hooks: searching 40 messages for OPENCODE_GENERIC
[2026-05-26T19:56:26.244Z] message-hooks: found synthetic text at [39]: "<system-reminder>
Your operational mode has change..." matches=false
[2026-05-26T19:56:26.244Z] message-hooks: generic search complete, found=false, index=-1
[2026-05-26T19:56:26.244Z] message-hooks: no generic part found, checking for pending prompt return
[2026-05-26T19:56:59.624Z] message-hooks: ENTRY msgCount=37, sessions=ses_19a47025affeTe5HK8Ezdi7rtF
[2026-05-26T19:56:59.624Z] message-hooks: MESSAGES: [0]user: text:"lets create a new git worktree and start..." | [1]assistant: step-start, reasoning, text:"Repo inspect first. Need current archite...", tool:completed, tool:completed, tool:completed, tool:completed, step-finish | [2]assistant: step-start, reasoning, text:"Need current seams. Reading router, auth...", tool:completed, tool:completed, tool:completed, tool:completed, tool:completed, tool:completed, step-finish | [3]assistant: step-start, reasoning, tool:completed, tool:completed, tool:completed, tool:completed, tool:completed, step-finish | [4]assistant: step-start, reasoning, text:"Current frontend architecture clear enou...", tool:completed, tool:completed, step-finish | [5]assistant: step-start, reasoning, tool:completed, step-finish, patch | [6]assistant: step-start, reasoning, text:"User target looks like reference backend...", tool:completed, tool:completed, tool:completed, tool:completed, tool:completed, tool:completed, step-finish, patch | [7]assistant: step-start, reasoning, text:"Reference architecture and current repo ...", tool:completed, step-finish | [8]assistant: step-start, reasoning, text:"Plan ready. Covers safe worktree setup f...", tool:completed, step-finish, patch | [9]user: text:"Proceed with implementation" | [10]assistant: step-start, reasoning, text:"Start isolated worktree. Then refactor f...", tool:completed, step-finish, patch | [11]assistant: step-start, tool:completed, tool:completed, step-finish | [12]assistant: step-start, reasoning, tool:completed, step-finish | [13]assistant: step-start, reasoning, text:"Worktree created at `../finance-arch-ref...", tool:completed, tool:completed, tool:completed, tool:completed, tool:completed, tool:error, step-finish, patch | [14]assistant: step-start, reasoning, text:"One more read: schema contract. Need kno...", tool:completed, step-finish | [15]assistant: step-start, reasoning, tool:completed, tool:completed, step-finish | [16]assistant: step-start, reasoning, reasoning, text:"Editing backend module structure now. Ma...", tool:error, step-finish | [17]assistant: step-start, reasoning, text:"Patch bounced on resolver context mismat...", tool:completed, tool:completed, step-finish | [18]assistant: step-start, reasoning, tool:completed, step-finish | [19]assistant: step-start, reasoning, tool:completed, step-finish, patch | [20]assistant: step-start, reasoning, text:"Structure moved. Now cleaning import lef...", tool:completed, tool:completed, tool:completed, step-finish | [21]assistant: step-start, reasoning, text:"Running backend checks now. Expect some ...", tool:completed, step-finish, patch | [22]assistant: step-start, reasoning, text:"Checks blocked by fresh worktree: no `no...", tool:completed, tool:completed, step-finish | [23]assistant: step-start, reasoning, tool:completed, step-finish | [24]assistant: step-start, reasoning, tool:completed, step-finish | [25]assistant: step-start, reasoning, text:"Typecheck surfaced two buckets: local re...", tool:completed, tool:completed, step-finish | [26]assistant: step-start, reasoning, tool:completed, step-finish | [27]assistant: step-start, reasoning, tool:completed, step-finish | [28]assistant: step-start, reasoning, tool:completed, step-finish | [29]assistant: step-start, reasoning, tool:completed, step-finish, patch | [30]assistant: step-start, reasoning, text:"Build green. One lint warning left from ...", tool:completed, step-finish | [31]assistant: step-start, tool:completed, step-finish, patch | [32]assistant: step-start, reasoning, tool:completed, step-finish | [33]assistant: step-start, reasoning, tool:completed, step-finish | [34]assistant: step-start, reasoning, text:"Work done in new worktree: `/home/efraim...", step-finish | [35]user: text:"merge this worktree with origin" | [36]assistant: 
[2026-05-26T19:56:59.624Z] message-hooks: post-filter, msgCount=37
[2026-05-26T19:56:59.624Z] message-hooks: about to search for OPENCODE_GENERIC
[2026-05-26T19:56:59.624Z] message-hooks: searching 37 messages for OPENCODE_GENERIC
[2026-05-26T19:56:59.624Z] message-hooks: generic search complete, found=false, index=-1
[2026-05-26T19:56:59.624Z] message-hooks: no generic part found, checking for pending prompt return
[2026-05-26T19:57:49.590Z] message-hooks: ENTRY msgCount=7, sessions=ses_19a47025affeTe5HK8Ezdi7rtF
[2026-05-26T19:57:49.590Z] message-hooks: MESSAGES: [0]user: compaction | [1]assistant: step-start, reasoning, text:"## Goal
- Create isolated git worktree a...", step-finish | [2]user: text:"merge this worktree with origin" | [3]assistant:  | [4]user: text:"merge this worktree with origin" | [5]assistant: step-start, reasoning, tool:completed, step-finish | [6]user: text:"Continue if you have next steps, or stop..."(syn)
[2026-05-26T19:57:49.590Z] message-hooks: post-filter, msgCount=7
[2026-05-26T19:57:49.590Z] message-hooks: about to search for OPENCODE_GENERIC
[2026-05-26T19:57:49.590Z] message-hooks: searching 7 messages for OPENCODE_GENERIC
[2026-05-26T19:57:49.590Z] message-hooks: found synthetic text at [6]: "Continue if you have next steps, or stop and ask f..." matches=false
[2026-05-26T19:57:49.590Z] message-hooks: generic search complete, found=false, index=-1
[2026-05-26T19:57:49.590Z] message-hooks: no generic part found, checking for pending prompt return
[2026-05-26T19:58:36.851Z] message-hooks: ENTRY msgCount=8, sessions=ses_19a47025affeTe5HK8Ezdi7rtF
[2026-05-26T19:58:36.851Z] message-hooks: MESSAGES: [0]user: compaction | [1]assistant: step-start, reasoning, text:"## Goal
- Create isolated git worktree a...", step-finish | [2]user: text:"merge this worktree with origin" | [3]assistant:  | [4]user: text:"merge this worktree with origin" | [5]assistant: step-start, reasoning, tool:completed, step-finish | [6]user: text:"Continue if you have next steps, or stop..."(syn) | [7]assistant: step-start, reasoning, tool:completed, step-finish
[2026-05-26T19:58:36.851Z] message-hooks: post-filter, msgCount=8
[2026-05-26T19:58:36.851Z] message-hooks: about to search for OPENCODE_GENERIC
[2026-05-26T19:58:36.851Z] message-hooks: searching 8 messages for OPENCODE_GENERIC
[2026-05-26T19:58:36.851Z] message-hooks: found synthetic text at [6]: "Continue if you have next steps, or stop and ask f..." matches=false
[2026-05-26T19:58:36.851Z] message-hooks: generic search complete, found=false, index=-1
[2026-05-26T19:58:36.851Z] message-hooks: no generic part found, checking for pending prompt return
[2026-05-26T19:59:19.175Z] message-hooks: ENTRY msgCount=9, sessions=ses_19a47025affeTe5HK8Ezdi7rtF
[2026-05-26T19:59:19.175Z] message-hooks: MESSAGES: [0]user: compaction | [1]assistant: step-start, reasoning, text:"## Goal
- Create isolated git worktree a...", step-finish | [2]user: text:"merge this worktree with origin" | [3]assistant:  | [4]user: text:"merge this worktree with origin" | [5]assistant: step-start, reasoning, tool:completed, step-finish | [6]user: text:"Continue if you have next steps, or stop..."(syn) | [7]assistant: step-start, reasoning, tool:completed, step-finish | [8]assistant: step-start, reasoning, tool:completed, step-finish
[2026-05-26T19:59:19.175Z] message-hooks: post-filter, msgCount=9
[2026-05-26T19:59:19.175Z] message-hooks: about to search for OPENCODE_GENERIC
[2026-05-26T19:59:19.175Z] message-hooks: searching 9 messages for OPENCODE_GENERIC
[2026-05-26T19:59:19.175Z] message-hooks: found synthetic text at [6]: "Continue if you have next steps, or stop and ask f..." matches=false
[2026-05-26T19:59:19.175Z] message-hooks: generic search complete, found=false, index=-1
[2026-05-26T19:59:19.175Z] message-hooks: no generic part found, checking for pending prompt return
[2026-05-26T19:59:43.246Z] message-hooks: ENTRY msgCount=10, sessions=ses_19a47025affeTe5HK8Ezdi7rtF
[2026-05-26T19:59:43.246Z] message-hooks: MESSAGES: [0]user: compaction | [1]assistant: step-start, reasoning, text:"## Goal
- Create isolated git worktree a...", step-finish | [2]user: text:"merge this worktree with origin" | [3]assistant:  | [4]user: text:"merge this worktree with origin" | [5]assistant: step-start, reasoning, tool:completed, step-finish | [6]user: text:"Continue if you have next steps, or stop..."(syn) | [7]assistant: step-start, reasoning, tool:completed, step-finish | [8]assistant: step-start, reasoning, tool:completed, step-finish | [9]assistant: step-start, reasoning, tool:completed, step-finish
[2026-05-26T19:59:43.246Z] message-hooks: post-filter, msgCount=10
[2026-05-26T19:59:43.246Z] message-hooks: about to search for OPENCODE_GENERIC
[2026-05-26T19:59:43.246Z] message-hooks: searching 10 messages for OPENCODE_GENERIC
[2026-05-26T19:59:43.246Z] message-hooks: found synthetic text at [6]: "Continue if you have next steps, or stop and ask f..." matches=false
[2026-05-26T19:59:43.246Z] message-hooks: generic search complete, found=false, index=-1
[2026-05-26T19:59:43.246Z] message-hooks: no generic part found, checking for pending prompt return
[2026-05-26T19:59:57.302Z] message-hooks: ENTRY msgCount=11, sessions=ses_19a47025affeTe5HK8Ezdi7rtF
[2026-05-26T19:59:57.302Z] message-hooks: MESSAGES: [0]user: compaction | [1]assistant: step-start, reasoning, text:"## Goal
- Create isolated git worktree a...", step-finish | [2]user: text:"merge this worktree with origin" | [3]assistant:  | [4]user: text:"merge this worktree with origin" | [5]assistant: step-start, reasoning, tool:completed, step-finish | [6]user: text:"Continue if you have next steps, or stop..."(syn) | [7]assistant: step-start, reasoning, tool:completed, step-finish | [8]assistant: step-start, reasoning, tool:completed, step-finish | [9]assistant: step-start, reasoning, tool:completed, step-finish | [10]assistant: step-start, reasoning, tool:completed, step-finish
[2026-05-26T19:59:57.302Z] message-hooks: post-filter, msgCount=11
[2026-05-26T19:59:57.302Z] message-hooks: about to search for OPENCODE_GENERIC
[2026-05-26T19:59:57.302Z] message-hooks: searching 11 messages for OPENCODE_GENERIC
[2026-05-26T19:59:57.302Z] message-hooks: found synthetic text at [6]: "Continue if you have next steps, or stop and ask f..." matches=false
[2026-05-26T19:59:57.302Z] message-hooks: generic search complete, found=false, index=-1
[2026-05-26T19:59:57.302Z] message-hooks: no generic part found, checking for pending prompt return
[2026-05-26T20:00:47.013Z] message-hooks: ENTRY msgCount=12, sessions=ses_19a47025affeTe5HK8Ezdi7rtF
[2026-05-26T20:00:47.013Z] message-hooks: MESSAGES: [0]user: compaction | [1]assistant: step-start, reasoning, text:"## Goal
- Create isolated git worktree a...", step-finish | [2]user: text:"merge this worktree with origin" | [3]assistant:  | [4]user: text:"merge this worktree with origin" | [5]assistant: step-start, reasoning, tool:completed, step-finish | [6]user: text:"Continue if you have next steps, or stop..."(syn) | [7]assistant: step-start, reasoning, tool:completed, step-finish | [8]assistant: step-start, reasoning, tool:completed, step-finish | [9]assistant: step-start, reasoning, tool:completed, step-finish | [10]assistant: step-start, reasoning, tool:completed, step-finish | [11]assistant: step-start, reasoning, tool:completed, step-finish
[2026-05-26T20:00:47.013Z] message-hooks: post-filter, msgCount=12
[2026-05-26T20:00:47.013Z] message-hooks: about to search for OPENCODE_GENERIC
[2026-05-26T20:00:47.013Z] message-hooks: searching 12 messages for OPENCODE_GENERIC
[2026-05-26T20:00:47.013Z] message-hooks: found synthetic text at [6]: "Continue if you have next steps, or stop and ask f..." matches=false
[2026-05-26T20:00:47.013Z] message-hooks: generic search complete, found=false, index=-1
[2026-05-26T20:00:47.013Z] message-hooks: no generic part found, checking for pending prompt return
[2026-05-26T20:01:19.366Z] message-hooks: ENTRY msgCount=13, sessions=ses_19a47025affeTe5HK8Ezdi7rtF
[2026-05-26T20:01:19.366Z] message-hooks: MESSAGES: [0]user: compaction | [1]assistant: step-start, reasoning, text:"## Goal
- Create isolated git worktree a...", step-finish | [2]user: text:"merge this worktree with origin" | [3]assistant:  | [4]user: text:"merge this worktree with origin" | [5]assistant: step-start, reasoning, tool:completed, step-finish | [6]user: text:"Continue if you have next steps, or stop..."(syn) | [7]assistant: step-start, reasoning, tool:completed, step-finish | [8]assistant: step-start, reasoning, tool:completed, step-finish | [9]assistant: step-start, reasoning, tool:completed, step-finish | [10]assistant: step-start, reasoning, tool:completed, step-finish | [11]assistant: step-start, reasoning, tool:completed, step-finish | [12]assistant: step-start, reasoning, tool:completed, step-finish
[2026-05-26T20:01:19.367Z] message-hooks: post-filter, msgCount=13
[2026-05-26T20:01:19.367Z] message-hooks: about to search for OPENCODE_GENERIC
[2026-05-26T20:01:19.367Z] message-hooks: searching 13 messages for OPENCODE_GENERIC
[2026-05-26T20:01:19.367Z] message-hooks: found synthetic text at [6]: "Continue if you have next steps, or stop and ask f..." matches=false
[2026-05-26T20:01:19.367Z] message-hooks: generic search complete, found=false, index=-1
[2026-05-26T20:01:19.367Z] message-hooks: no generic part found, checking for pending prompt return
[2026-05-26T20:01:42.657Z] message-hooks: ENTRY msgCount=14, sessions=ses_19a47025affeTe5HK8Ezdi7rtF
[2026-05-26T20:01:42.657Z] message-hooks: MESSAGES: [0]user: compaction | [1]assistant: step-start, reasoning, text:"## Goal
- Create isolated git worktree a...", step-finish | [2]user: text:"merge this worktree with origin" | [3]assistant:  | [4]user: text:"merge this worktree with origin" | [5]assistant: step-start, reasoning, tool:completed, step-finish | [6]user: text:"Continue if you have next steps, or stop..."(syn) | [7]assistant: step-start, reasoning, tool:completed, step-finish | [8]assistant: step-start, reasoning, tool:completed, step-finish | [9]assistant: step-start, reasoning, tool:completed, step-finish | [10]assistant: step-start, reasoning, tool:completed, step-finish | [11]assistant: step-start, reasoning, tool:completed, step-finish | [12]assistant: step-start, reasoning, tool:completed, step-finish | [13]assistant: step-start, reasoning, tool:completed, step-finish
[2026-05-26T20:01:42.657Z] message-hooks: post-filter, msgCount=14
[2026-05-26T20:01:42.657Z] message-hooks: about to search for OPENCODE_GENERIC
[2026-05-26T20:01:42.657Z] message-hooks: searching 14 messages for OPENCODE_GENERIC
[2026-05-26T20:01:42.657Z] message-hooks: found synthetic text at [6]: "Continue if you have next steps, or stop and ask f..." matches=false
[2026-05-26T20:01:42.657Z] message-hooks: generic search complete, found=false, index=-1
[2026-05-26T20:01:42.657Z] message-hooks: no generic part found, checking for pending prompt return
[2026-05-26T20:02:04.835Z] message-hooks: ENTRY msgCount=15, sessions=ses_19a47025affeTe5HK8Ezdi7rtF
[2026-05-26T20:02:04.835Z] message-hooks: MESSAGES: [0]user: compaction | [1]assistant: step-start, reasoning, text:"## Goal
- Create isolated git worktree a...", step-finish | [2]user: text:"merge this worktree with origin" | [3]assistant:  | [4]user: text:"merge this worktree with origin" | [5]assistant: step-start, reasoning, tool:completed, step-finish | [6]user: text:"Continue if you have next steps, or stop..."(syn) | [7]assistant: step-start, reasoning, tool:completed, step-finish | [8]assistant: step-start, reasoning, tool:completed, step-finish | [9]assistant: step-start, reasoning, tool:completed, step-finish | [10]assistant: step-start, reasoning, tool:completed, step-finish | [11]assistant: step-start, reasoning, tool:completed, step-finish | [12]assistant: step-start, reasoning, tool:completed, step-finish | [13]assistant: step-start, reasoning, tool:completed, step-finish | [14]assistant: step-start, reasoning, tool:completed, step-finish
[2026-05-26T20:02:04.835Z] message-hooks: post-filter, msgCount=15
[2026-05-26T20:02:04.835Z] message-hooks: about to search for OPENCODE_GENERIC
[2026-05-26T20:02:04.835Z] message-hooks: searching 15 messages for OPENCODE_GENERIC
[2026-05-26T20:02:04.835Z] message-hooks: found synthetic text at [6]: "Continue if you have next steps, or stop and ask f..." matches=false
[2026-05-26T20:02:04.835Z] message-hooks: generic search complete, found=false, index=-1
[2026-05-26T20:02:04.835Z] message-hooks: no generic part found, checking for pending prompt return
[2026-05-26T20:02:40.275Z] message-hooks: ENTRY msgCount=16, sessions=ses_19a47025affeTe5HK8Ezdi7rtF
[2026-05-26T20:02:40.275Z] message-hooks: MESSAGES: [0]user: compaction | [1]assistant: step-start, reasoning, text:"## Goal
- Create isolated git worktree a...", step-finish | [2]user: text:"merge this worktree with origin" | [3]assistant:  | [4]user: text:"merge this worktree with origin" | [5]assistant: step-start, reasoning, tool:completed, step-finish | [6]user: text:"Continue if you have next steps, or stop..."(syn) | [7]assistant: step-start, reasoning, tool:completed, step-finish | [8]assistant: step-start, reasoning, tool:completed, step-finish | [9]assistant: step-start, reasoning, tool:completed, step-finish | [10]assistant: step-start, reasoning, tool:completed, step-finish | [11]assistant: step-start, reasoning, tool:completed, step-finish | [12]assistant: step-start, reasoning, tool:completed, step-finish | [13]assistant: step-start, reasoning, tool:completed, step-finish | [14]assistant: step-start, reasoning, tool:completed, step-finish | [15]assistant: step-start, reasoning, tool:completed, step-finish
[2026-05-26T20:02:40.275Z] message-hooks: post-filter, msgCount=16
[2026-05-26T20:02:40.275Z] message-hooks: about to search for OPENCODE_GENERIC
[2026-05-26T20:02:40.275Z] message-hooks: searching 16 messages for OPENCODE_GENERIC
[2026-05-26T20:02:40.275Z] message-hooks: found synthetic text at [6]: "Continue if you have next steps, or stop and ask f..." matches=false
[2026-05-26T20:02:40.275Z] message-hooks: generic search complete, found=false, index=-1
[2026-05-26T20:02:40.275Z] message-hooks: no generic part found, checking for pending prompt return
[2026-05-26T20:03:01.820Z] message-hooks: ENTRY msgCount=17, sessions=ses_19a47025affeTe5HK8Ezdi7rtF
[2026-05-26T20:03:01.820Z] message-hooks: MESSAGES: [0]user: compaction | [1]assistant: step-start, reasoning, text:"## Goal
- Create isolated git worktree a...", step-finish | [2]user: text:"merge this worktree with origin" | [3]assistant:  | [4]user: text:"merge this worktree with origin" | [5]assistant: step-start, reasoning, tool:completed, step-finish | [6]user: text:"Continue if you have next steps, or stop..."(syn) | [7]assistant: step-start, reasoning, tool:completed, step-finish | [8]assistant: step-start, reasoning, tool:completed, step-finish | [9]assistant: step-start, reasoning, tool:completed, step-finish | [10]assistant: step-start, reasoning, tool:completed, step-finish | [11]assistant: step-start, reasoning, tool:completed, step-finish | [12]assistant: step-start, reasoning, tool:completed, step-finish | [13]assistant: step-start, reasoning, tool:completed, step-finish | [14]assistant: step-start, reasoning, tool:completed, step-finish | [15]assistant: step-start, reasoning, tool:completed, step-finish | [16]assistant: step-start, reasoning, tool:completed, step-finish
[2026-05-26T20:03:01.820Z] message-hooks: post-filter, msgCount=17
[2026-05-26T20:03:01.820Z] message-hooks: about to search for OPENCODE_GENERIC
[2026-05-26T20:03:01.820Z] message-hooks: searching 17 messages for OPENCODE_GENERIC
[2026-05-26T20:03:01.820Z] message-hooks: found synthetic text at [6]: "Continue if you have next steps, or stop and ask f..." matches=false
[2026-05-26T20:03:01.820Z] message-hooks: generic search complete, found=false, index=-1
[2026-05-26T20:03:01.820Z] message-hooks: no generic part found, checking for pending prompt return
[2026-05-26T20:03:28.531Z] message-hooks: ENTRY msgCount=18, sessions=ses_19a47025affeTe5HK8Ezdi7rtF
[2026-05-26T20:03:28.531Z] message-hooks: MESSAGES: [0]user: compaction | [1]assistant: step-start, reasoning, text:"## Goal
- Create isolated git worktree a...", step-finish | [2]user: text:"merge this worktree with origin" | [3]assistant:  | [4]user: text:"merge this worktree with origin" | [5]assistant: step-start, reasoning, tool:completed, step-finish | [6]user: text:"Continue if you have next steps, or stop..."(syn) | [7]assistant: step-start, reasoning, tool:completed, step-finish | [8]assistant: step-start, reasoning, tool:completed, step-finish | [9]assistant: step-start, reasoning, tool:completed, step-finish | [10]assistant: step-start, reasoning, tool:completed, step-finish | [11]assistant: step-start, reasoning, tool:completed, step-finish | [12]assistant: step-start, reasoning, tool:completed, step-finish | [13]assistant: step-start, reasoning, tool:completed, step-finish | [14]assistant: step-start, reasoning, tool:completed, step-finish | [15]assistant: step-start, reasoning, tool:completed, step-finish | [16]assistant: step-start, reasoning, tool:completed, step-finish | [17]assistant: step-start, reasoning, tool:completed, step-finish, patch
[2026-05-26T20:03:28.531Z] message-hooks: post-filter, msgCount=18
[2026-05-26T20:03:28.531Z] message-hooks: about to search for OPENCODE_GENERIC
[2026-05-26T20:03:28.531Z] message-hooks: searching 18 messages for OPENCODE_GENERIC
[2026-05-26T20:03:28.531Z] message-hooks: found synthetic text at [6]: "Continue if you have next steps, or stop and ask f..." matches=false
[2026-05-26T20:03:28.531Z] message-hooks: generic search complete, found=false, index=-1
[2026-05-26T20:03:28.531Z] message-hooks: no generic part found, checking for pending prompt return
[2026-05-26T20:04:15.921Z] message-hooks: ENTRY msgCount=19, sessions=ses_19a47025affeTe5HK8Ezdi7rtF
[2026-05-26T20:04:15.921Z] message-hooks: MESSAGES: [0]user: compaction | [1]assistant: step-start, reasoning, text:"## Goal
- Create isolated git worktree a...", step-finish | [2]user: text:"merge this worktree with origin" | [3]assistant:  | [4]user: text:"merge this worktree with origin" | [5]assistant: step-start, reasoning, tool:completed, step-finish | [6]user: text:"Continue if you have next steps, or stop..."(syn) | [7]assistant: step-start, reasoning, tool:completed, step-finish | [8]assistant: step-start, reasoning, tool:completed, step-finish | [9]assistant: step-start, reasoning, tool:completed, step-finish | [10]assistant: step-start, reasoning, tool:completed, step-finish | [11]assistant: step-start, reasoning, tool:completed, step-finish | [12]assistant: step-start, reasoning, tool:completed, step-finish | [13]assistant: step-start, reasoning, tool:completed, step-finish | [14]assistant: step-start, reasoning, tool:completed, step-finish | [15]assistant: step-start, reasoning, tool:completed, step-finish | [16]assistant: step-start, reasoning, tool:completed, step-finish | [17]assistant: step-start, reasoning, tool:completed, step-finish, patch | [18]assistant: step-start, reasoning, tool:completed, step-finish, patch
[2026-05-26T20:04:15.921Z] message-hooks: post-filter, msgCount=19
[2026-05-26T20:04:15.921Z] message-hooks: about to search for OPENCODE_GENERIC
[2026-05-26T20:04:15.921Z] message-hooks: searching 19 messages for OPENCODE_GENERIC
[2026-05-26T20:04:15.921Z] message-hooks: found synthetic text at [6]: "Continue if you have next steps, or stop and ask f..." matches=false
[2026-05-26T20:04:15.921Z] message-hooks: generic search complete, found=false, index=-1
[2026-05-26T20:04:15.921Z] message-hooks: no generic part found, checking for pending prompt return
[2026-05-26T20:04:37.827Z] message-hooks: ENTRY msgCount=20, sessions=ses_19a47025affeTe5HK8Ezdi7rtF
[2026-05-26T20:04:37.827Z] message-hooks: MESSAGES: [0]user: compaction | [1]assistant: step-start, reasoning, text:"## Goal
- Create isolated git worktree a...", step-finish | [2]user: text:"merge this worktree with origin" | [3]assistant:  | [4]user: text:"merge this worktree with origin" | [5]assistant: step-start, reasoning, tool:completed, step-finish | [6]user: text:"Continue if you have next steps, or stop..."(syn) | [7]assistant: step-start, reasoning, tool:completed, step-finish | [8]assistant: step-start, reasoning, tool:completed, step-finish | [9]assistant: step-start, reasoning, tool:completed, step-finish | [10]assistant: step-start, reasoning, tool:completed, step-finish | [11]assistant: step-start, reasoning, tool:completed, step-finish | [12]assistant: step-start, reasoning, tool:completed, step-finish | [13]assistant: step-start, reasoning, tool:completed, step-finish | [14]assistant: step-start, reasoning, tool:completed, step-finish | [15]assistant: step-start, reasoning, tool:completed, step-finish | [16]assistant: step-start, reasoning, tool:completed, step-finish | [17]assistant: step-start, reasoning, tool:completed, step-finish, patch | [18]assistant: step-start, reasoning, tool:completed, step-finish, patch | [19]assistant: step-start, reasoning, tool:completed, step-finish, patch
[2026-05-26T20:04:37.827Z] message-hooks: post-filter, msgCount=20
[2026-05-26T20:04:37.827Z] message-hooks: about to search for OPENCODE_GENERIC
[2026-05-26T20:04:37.827Z] message-hooks: searching 20 messages for OPENCODE_GENERIC
[2026-05-26T20:04:37.827Z] message-hooks: found synthetic text at [6]: "Continue if you have next steps, or stop and ask f..." matches=false
[2026-05-26T20:04:37.827Z] message-hooks: generic search complete, found=false, index=-1
[2026-05-26T20:04:37.827Z] message-hooks: no generic part found, checking for pending prompt return
[2026-05-26T20:04:59.962Z] message-hooks: ENTRY msgCount=21, sessions=ses_19a47025affeTe5HK8Ezdi7rtF
[2026-05-26T20:04:59.962Z] message-hooks: MESSAGES: [0]user: compaction | [1]assistant: step-start, reasoning, text:"## Goal
- Create isolated git worktree a...", step-finish | [2]user: text:"merge this worktree with origin" | [3]assistant:  | [4]user: text:"merge this worktree with origin" | [5]assistant: step-start, reasoning, tool:completed, step-finish | [6]user: text:"Continue if you have next steps, or stop..."(syn) | [7]assistant: step-start, reasoning, tool:completed, step-finish | [8]assistant: step-start, reasoning, tool:completed, step-finish | [9]assistant: step-start, reasoning, tool:completed, step-finish | [10]assistant: step-start, reasoning, tool:completed, step-finish | [11]assistant: step-start, reasoning, tool:completed, step-finish | [12]assistant: step-start, reasoning, tool:completed, step-finish | [13]assistant: step-start, reasoning, tool:completed, step-finish | [14]assistant: step-start, reasoning, tool:completed, step-finish | [15]assistant: step-start, reasoning, tool:completed, step-finish | [16]assistant: step-start, reasoning, tool:completed, step-finish | [17]assistant: step-start, reasoning, tool:completed, step-finish, patch | [18]assistant: step-start, reasoning, tool:completed, step-finish, patch | [19]assistant: step-start, reasoning, tool:completed, step-finish, patch | [20]assistant: step-start, reasoning, tool:completed, step-finish, patch
[2026-05-26T20:04:59.962Z] message-hooks: post-filter, msgCount=21
[2026-05-26T20:04:59.962Z] message-hooks: about to search for OPENCODE_GENERIC
[2026-05-26T20:04:59.962Z] message-hooks: searching 21 messages for OPENCODE_GENERIC
[2026-05-26T20:04:59.962Z] message-hooks: found synthetic text at [6]: "Continue if you have next steps, or stop and ask f..." matches=false
[2026-05-26T20:04:59.962Z] message-hooks: generic search complete, found=false, index=-1
[2026-05-26T20:04:59.962Z] message-hooks: no generic part found, checking for pending prompt return
[2026-05-26T20:05:56.818Z] message-hooks: ENTRY msgCount=22, sessions=ses_19a47025affeTe5HK8Ezdi7rtF
[2026-05-26T20:05:56.818Z] message-hooks: MESSAGES: [0]user: compaction | [1]assistant: step-start, reasoning, text:"## Goal
- Create isolated git worktree a...", step-finish | [2]user: text:"merge this worktree with origin" | [3]assistant:  | [4]user: text:"merge this worktree with origin" | [5]assistant: step-start, reasoning, tool:completed, step-finish | [6]user: text:"Continue if you have next steps, or stop..."(syn) | [7]assistant: step-start, reasoning, tool:completed, step-finish | [8]assistant: step-start, reasoning, tool:completed, step-finish | [9]assistant: step-start, reasoning, tool:completed, step-finish | [10]assistant: step-start, reasoning, tool:completed, step-finish | [11]assistant: step-start, reasoning, tool:completed, step-finish | [12]assistant: step-start, reasoning, tool:completed, step-finish | [13]assistant: step-start, reasoning, tool:completed, step-finish | [14]assistant: step-start, reasoning, tool:completed, step-finish | [15]assistant: step-start, reasoning, tool:completed, step-finish | [16]assistant: step-start, reasoning, tool:completed, step-finish | [17]assistant: step-start, reasoning, tool:completed, step-finish, patch | [18]assistant: step-start, reasoning, tool:completed, step-finish, patch | [19]assistant: step-start, reasoning, tool:completed, step-finish, patch | [20]assistant: step-start, reasoning, tool:completed, step-finish, patch | [21]assistant: step-start, reasoning, tool:completed, step-finish
[2026-05-26T20:05:56.818Z] message-hooks: post-filter, msgCount=22
[2026-05-26T20:05:56.818Z] message-hooks: about to search for OPENCODE_GENERIC
[2026-05-26T20:05:56.818Z] message-hooks: searching 22 messages for OPENCODE_GENERIC
[2026-05-26T20:05:56.818Z] message-hooks: found synthetic text at [6]: "Continue if you have next steps, or stop and ask f..." matches=false
[2026-05-26T20:05:56.818Z] message-hooks: generic search complete, found=false, index=-1
[2026-05-26T20:05:56.818Z] message-hooks: no generic part found, checking for pending prompt return
[2026-05-26T20:06:22.775Z] message-hooks: ENTRY msgCount=23, sessions=ses_19a47025affeTe5HK8Ezdi7rtF
[2026-05-26T20:06:22.775Z] message-hooks: MESSAGES: [0]user: compaction | [1]assistant: step-start, reasoning, text:"## Goal
- Create isolated git worktree a...", step-finish | [2]user: text:"merge this worktree with origin" | [3]assistant:  | [4]user: text:"merge this worktree with origin" | [5]assistant: step-start, reasoning, tool:completed, step-finish | [6]user: text:"Continue if you have next steps, or stop..."(syn) | [7]assistant: step-start, reasoning, tool:completed, step-finish | [8]assistant: step-start, reasoning, tool:completed, step-finish | [9]assistant: step-start, reasoning, tool:completed, step-finish | [10]assistant: step-start, reasoning, tool:completed, step-finish | [11]assistant: step-start, reasoning, tool:completed, step-finish | [12]assistant: step-start, reasoning, tool:completed, step-finish | [13]assistant: step-start, reasoning, tool:completed, step-finish | [14]assistant: step-start, reasoning, tool:completed, step-finish | [15]assistant: step-start, reasoning, tool:completed, step-finish | [16]assistant: step-start, reasoning, tool:completed, step-finish | [17]assistant: step-start, reasoning, tool:completed, step-finish, patch | [18]assistant: step-start, reasoning, tool:completed, step-finish, patch | [19]assistant: step-start, reasoning, tool:completed, step-finish, patch | [20]assistant: step-start, reasoning, tool:completed, step-finish, patch | [21]assistant: step-start, reasoning, tool:completed, step-finish | [22]assistant: step-start, reasoning, tool:completed, step-finish, patch
[2026-05-26T20:06:22.775Z] message-hooks: post-filter, msgCount=23
[2026-05-26T20:06:22.775Z] message-hooks: about to search for OPENCODE_GENERIC
[2026-05-26T20:06:22.775Z] message-hooks: searching 23 messages for OPENCODE_GENERIC
[2026-05-26T20:06:22.775Z] message-hooks: found synthetic text at [6]: "Continue if you have next steps, or stop and ask f..." matches=false
[2026-05-26T20:06:22.776Z] message-hooks: generic search complete, found=false, index=-1
[2026-05-26T20:06:22.776Z] message-hooks: no generic part found, checking for pending prompt return
[2026-05-26T20:06:38.333Z] message-hooks: ENTRY msgCount=24, sessions=ses_19a47025affeTe5HK8Ezdi7rtF
[2026-05-26T20:06:38.333Z] message-hooks: MESSAGES: [0]user: compaction | [1]assistant: step-start, reasoning, text:"## Goal
- Create isolated git worktree a...", step-finish | [2]user: text:"merge this worktree with origin" | [3]assistant:  | [4]user: text:"merge this worktree with origin" | [5]assistant: step-start, reasoning, tool:completed, step-finish | [6]user: text:"Continue if you have next steps, or stop..."(syn) | [7]assistant: step-start, reasoning, tool:completed, step-finish | [8]assistant: step-start, reasoning, tool:completed, step-finish | [9]assistant: step-start, reasoning, tool:completed, step-finish | [10]assistant: step-start, reasoning, tool:completed, step-finish | [11]assistant: step-start, reasoning, tool:completed, step-finish | [12]assistant: step-start, reasoning, tool:completed, step-finish | [13]assistant: step-start, reasoning, tool:completed, step-finish | [14]assistant: step-start, reasoning, tool:completed, step-finish | [15]assistant: step-start, reasoning, tool:completed, step-finish | [16]assistant: step-start, reasoning, tool:completed, step-finish | [17]assistant: step-start, reasoning, tool:completed, step-finish, patch | [18]assistant: step-start, reasoning, tool:completed, step-finish, patch | [19]assistant: step-start, reasoning, tool:completed, step-finish, patch | [20]assistant: step-start, reasoning, tool:completed, step-finish, patch | [21]assistant: step-start, reasoning, tool:completed, step-finish | [22]assistant: step-start, reasoning, tool:completed, step-finish, patch | [23]assistant: step-start, reasoning, tool:completed, step-finish, patch
[2026-05-26T20:06:38.333Z] message-hooks: post-filter, msgCount=24
[2026-05-26T20:06:38.333Z] message-hooks: about to search for OPENCODE_GENERIC
[2026-05-26T20:06:38.333Z] message-hooks: searching 24 messages for OPENCODE_GENERIC
[2026-05-26T20:06:38.333Z] message-hooks: found synthetic text at [6]: "Continue if you have next steps, or stop and ask f..." matches=false
[2026-05-26T20:06:38.333Z] message-hooks: generic search complete, found=false, index=-1
[2026-05-26T20:06:38.333Z] message-hooks: no generic part found, checking for pending prompt return
[2026-05-26T20:06:50.534Z] message-hooks: ENTRY msgCount=25, sessions=ses_19a47025affeTe5HK8Ezdi7rtF
[2026-05-26T20:06:50.534Z] message-hooks: MESSAGES: [0]user: compaction | [1]assistant: step-start, reasoning, text:"## Goal
- Create isolated git worktree a...", step-finish | [2]user: text:"merge this worktree with origin" | [3]assistant:  | [4]user: text:"merge this worktree with origin" | [5]assistant: step-start, reasoning, tool:completed, step-finish | [6]user: text:"Continue if you have next steps, or stop..."(syn) | [7]assistant: step-start, reasoning, tool:completed, step-finish | [8]assistant: step-start, reasoning, tool:completed, step-finish | [9]assistant: step-start, reasoning, tool:completed, step-finish | [10]assistant: step-start, reasoning, tool:completed, step-finish | [11]assistant: step-start, reasoning, tool:completed, step-finish | [12]assistant: step-start, reasoning, tool:completed, step-finish | [13]assistant: step-start, reasoning, tool:completed, step-finish | [14]assistant: step-start, reasoning, tool:completed, step-finish | [15]assistant: step-start, reasoning, tool:completed, step-finish | [16]assistant: step-start, reasoning, tool:completed, step-finish | [17]assistant: step-start, reasoning, tool:completed, step-finish, patch | [18]assistant: step-start, reasoning, tool:completed, step-finish, patch | [19]assistant: step-start, reasoning, tool:completed, step-finish, patch | [20]assistant: step-start, reasoning, tool:completed, step-finish, patch | [21]assistant: step-start, reasoning, tool:completed, step-finish | [22]assistant: step-start, reasoning, tool:completed, step-finish, patch | [23]assistant: step-start, reasoning, tool:completed, step-finish, patch | [24]assistant: step-start, reasoning, tool:completed, step-finish
[2026-05-26T20:06:50.534Z] message-hooks: post-filter, msgCount=25
[2026-05-26T20:06:50.534Z] message-hooks: about to search for OPENCODE_GENERIC
[2026-05-26T20:06:50.534Z] message-hooks: searching 25 messages for OPENCODE_GENERIC
[2026-05-26T20:06:50.534Z] message-hooks: found synthetic text at [6]: "Continue if you have next steps, or stop and ask f..." matches=false
[2026-05-26T20:06:50.534Z] message-hooks: generic search complete, found=false, index=-1
[2026-05-26T20:06:50.534Z] message-hooks: no generic part found, checking for pending prompt return
[2026-05-26T20:07:07.945Z] message-hooks: ENTRY msgCount=26, sessions=ses_19a47025affeTe5HK8Ezdi7rtF
[2026-05-26T20:07:07.945Z] message-hooks: MESSAGES: [0]user: compaction | [1]assistant: step-start, reasoning, text:"## Goal
- Create isolated git worktree a...", step-finish | [2]user: text:"merge this worktree with origin" | [3]assistant:  | [4]user: text:"merge this worktree with origin" | [5]assistant: step-start, reasoning, tool:completed, step-finish | [6]user: text:"Continue if you have next steps, or stop..."(syn) | [7]assistant: step-start, reasoning, tool:completed, step-finish | [8]assistant: step-start, reasoning, tool:completed, step-finish | [9]assistant: step-start, reasoning, tool:completed, step-finish | [10]assistant: step-start, reasoning, tool:completed, step-finish | [11]assistant: step-start, reasoning, tool:completed, step-finish | [12]assistant: step-start, reasoning, tool:completed, step-finish | [13]assistant: step-start, reasoning, tool:completed, step-finish | [14]assistant: step-start, reasoning, tool:completed, step-finish | [15]assistant: step-start, reasoning, tool:completed, step-finish | [16]assistant: step-start, reasoning, tool:completed, step-finish | [17]assistant: step-start, reasoning, tool:completed, step-finish, patch | [18]assistant: step-start, reasoning, tool:completed, step-finish, patch | [19]assistant: step-start, reasoning, tool:completed, step-finish, patch | [20]assistant: step-start, reasoning, tool:completed, step-finish, patch | [21]assistant: step-start, reasoning, tool:completed, step-finish | [22]assistant: step-start, reasoning, tool:completed, step-finish, patch | [23]assistant: step-start, reasoning, tool:completed, step-finish, patch | [24]assistant: step-start, reasoning, tool:completed, step-finish | [25]assistant: step-start, reasoning, tool:completed, step-finish
[2026-05-26T20:07:07.945Z] message-hooks: post-filter, msgCount=26
[2026-05-26T20:07:07.945Z] message-hooks: about to search for OPENCODE_GENERIC
[2026-05-26T20:07:07.945Z] message-hooks: searching 26 messages for OPENCODE_GENERIC
[2026-05-26T20:07:07.945Z] message-hooks: found synthetic text at [6]: "Continue if you have next steps, or stop and ask f..." matches=false
[2026-05-26T20:07:07.945Z] message-hooks: generic search complete, found=false, index=-1
[2026-05-26T20:07:07.945Z] message-hooks: no generic part found, checking for pending prompt return
[2026-05-26T20:07:25.684Z] message-hooks: ENTRY msgCount=27, sessions=ses_19a47025affeTe5HK8Ezdi7rtF
[2026-05-26T20:07:25.684Z] message-hooks: MESSAGES: [0]user: compaction | [1]assistant: step-start, reasoning, text:"## Goal
- Create isolated git worktree a...", step-finish | [2]user: text:"merge this worktree with origin" | [3]assistant:  | [4]user: text:"merge this worktree with origin" | [5]assistant: step-start, reasoning, tool:completed, step-finish | [6]user: text:"Continue if you have next steps, or stop..."(syn) | [7]assistant: step-start, reasoning, tool:completed, step-finish | [8]assistant: step-start, reasoning, tool:completed, step-finish | [9]assistant: step-start, reasoning, tool:completed, step-finish | [10]assistant: step-start, reasoning, tool:completed, step-finish | [11]assistant: step-start, reasoning, tool:completed, step-finish | [12]assistant: step-start, reasoning, tool:completed, step-finish | [13]assistant: step-start, reasoning, tool:completed, step-finish | [14]assistant: step-start, reasoning, tool:completed, step-finish | [15]assistant: step-start, reasoning, tool:completed, step-finish | [16]assistant: step-start, reasoning, tool:completed, step-finish | [17]assistant: step-start, reasoning, tool:completed, step-finish, patch | [18]assistant: step-start, reasoning, tool:completed, step-finish, patch | [19]assistant: step-start, reasoning, tool:completed, step-finish, patch | [20]assistant: step-start, reasoning, tool:completed, step-finish, patch | [21]assistant: step-start, reasoning, tool:completed, step-finish | [22]assistant: step-start, reasoning, tool:completed, step-finish, patch | [23]assistant: step-start, reasoning, tool:completed, step-finish, patch | [24]assistant: step-start, reasoning, tool:completed, step-finish | [25]assistant: step-start, reasoning, tool:completed, step-finish | [26]assistant: step-start, reasoning, tool:completed, step-finish
[2026-05-26T20:07:25.684Z] message-hooks: post-filter, msgCount=27
[2026-05-26T20:07:25.684Z] message-hooks: about to search for OPENCODE_GENERIC
[2026-05-26T20:07:25.684Z] message-hooks: searching 27 messages for OPENCODE_GENERIC
[2026-05-26T20:07:25.684Z] message-hooks: found synthetic text at [6]: "Continue if you have next steps, or stop and ask f..." matches=false
[2026-05-26T20:07:25.684Z] message-hooks: generic search complete, found=false, index=-1
[2026-05-26T20:07:25.684Z] message-hooks: no generic part found, checking for pending prompt return
